/usr/local/bin/python3.8 /Applications/PyCharm.app/Contents/plugins/python/helpers/pydev/pydevd.py --multiproc --qt-support=auto --client 127.0.0.1 --port 58075 --file "/Users/Jessica/Dropbox/My Mac (MacBook Air)/Desktop/Research/Brown_Applied_Math_REU_Summer2021/VSR-EIP Repo/week6/compression_learning.py"
Connected to pydev debugger (build 203.7717.81)
WARNING:tensorflow:From /Users/Jessica/Library/Python/3.8/lib/python/site-packages/tensorflow/python/compat/v2_compat.py:96: disable_resource_variables (from tensorflow.python.ops.variable_scope) is deprecated and will be removed in a future version.
Instructions for updating:
non-resource variables are not supported in the long term
2021-07-18 22:15:25.015668: I tensorflow/core/platform/cpu_feature_guard.cc:142] This TensorFlow binary is optimized with oneAPI Deep Neural Network Library (oneDNN) to use the following CPU instructions in performance-critical operations:  AVX2 FMA
To enable them in other operations, rebuild TensorFlow with the appropriate compiler flags.
Traceback (most recent call last):
  File "/Users/Jessica/Library/Python/3.8/lib/python/site-packages/tensorflow/python/client/session.py", line 1375, in _do_call
    return fn(*args)
  File "/Users/Jessica/Library/Python/3.8/lib/python/site-packages/tensorflow/python/client/session.py", line 1359, in _run_fn
    return self._call_tf_sessionrun(options, feed_dict, fetch_list,
  File "/Users/Jessica/Library/Python/3.8/lib/python/site-packages/tensorflow/python/client/session.py", line 1451, in _call_tf_sessionrun
    return tf_session.TF_SessionRun_wrapper(self._session, options, feed_dict,
tensorflow.python.framework.errors_impl.InvalidArgumentError: Incompatible shapes: [5625,45] vs. [2,1]
	 [[{{node gradients/Add_grad/BroadcastGradientArgs}}]]

During handling of the above exception, another exception occurred:

Traceback (most recent call last):
  File "/Users/Jessica/Library/Python/3.8/lib/python/site-packages/tensorflow/python/client/session.py", line 967, in run
    result = self._run(None, fetches, feed_dict, options_ptr,
  File "/Users/Jessica/Library/Python/3.8/lib/python/site-packages/tensorflow/python/client/session.py", line 1190, in _run
    results = self._do_run(handle, final_targets, final_fetches,
  File "/Users/Jessica/Library/Python/3.8/lib/python/site-packages/tensorflow/python/client/session.py", line 1368, in _do_run
    return self._do_call(_run_fn, feeds, fetches, targets, options,
  File "/Users/Jessica/Library/Python/3.8/lib/python/site-packages/tensorflow/python/client/session.py", line 1394, in _do_call
    raise type(e)(node_def, op, message)
tensorflow.python.framework.errors_impl.InvalidArgumentError: Incompatible shapes: [5625,45] vs. [2,1]
	 [[node gradients/Add_grad/BroadcastGradientArgs (defined at Users/Jessica/Dropbox/My Mac (MacBook Air)/Desktop/Research/Brown_Applied_Math_REU_Summer2021/VSR-EIP Repo/week6/compression_learning.py:194) ]]

Original stack trace for 'gradients/Add_grad/BroadcastGradientArgs':
  File "Applications/PyCharm.app/Contents/plugins/python/helpers/pydev/pydevd.py", line 2167, in <module>
    main()
  File "Applications/PyCharm.app/Contents/plugins/python/helpers/pydev/pydevd.py", line 2158, in main
    globals = debugger.run(setup['file'], None, None, is_module)
  File "Applications/PyCharm.app/Contents/plugins/python/helpers/pydev/pydevd.py", line 1470, in run
    return self._exec(is_module, entry_point_fn, module_name, file, globals, locals)
  File "Applications/PyCharm.app/Contents/plugins/python/helpers/pydev/pydevd.py", line 1477, in _exec
    pydev_imports.execfile(file, globals, locals)  # execute the script
  File "Applications/PyCharm.app/Contents/plugins/python/helpers/pydev/_pydev_imps/_pydev_execfile.py", line 18, in execfile
    exec(compile(contents+"\n", file, 'exec'), glob, loc)
  File "Users/Jessica/Dropbox/My Mac (MacBook Air)/Desktop/Research/Brown_Applied_Math_REU_Summer2021/VSR-EIP Repo/week6/compression_learning.py", line 194, in <module>
    train = tf.train.AdamOptimizer(learning_rate).minimize(loss)
  File "Users/Jessica/Library/Python/3.8/lib/python/site-packages/tensorflow/python/training/optimizer.py", line 407, in minimize
    grads_and_vars = self.compute_gradients(
  File "Users/Jessica/Library/Python/3.8/lib/python/site-packages/tensorflow/python/training/optimizer.py", line 516, in compute_gradients
    grads = gradients.gradients(
  File "Users/Jessica/Library/Python/3.8/lib/python/site-packages/tensorflow/python/ops/gradients_impl.py", line 169, in gradients
    return gradients_util._GradientsHelper(
  File "Users/Jessica/Library/Python/3.8/lib/python/site-packages/tensorflow/python/ops/gradients_util.py", line 681, in _GradientsHelper
    in_grads = _MaybeCompile(grad_scope, op, func_call,
  File "Users/Jessica/Library/Python/3.8/lib/python/site-packages/tensorflow/python/ops/gradients_util.py", line 338, in _MaybeCompile
    return grad_fn()  # Exit early
  File "Users/Jessica/Library/Python/3.8/lib/python/site-packages/tensorflow/python/ops/gradients_util.py", line 682, in <lambda>
    lambda: grad_fn(op, *out_grads))
  File "Users/Jessica/Library/Python/3.8/lib/python/site-packages/tensorflow/python/ops/math_grad.py", line 1298, in _AddGrad
    SmartBroadcastGradientArgs(x, y, grad))
  File "Users/Jessica/Library/Python/3.8/lib/python/site-packages/tensorflow/python/ops/math_grad.py", line 109, in SmartBroadcastGradientArgs
    rx, ry = gen_array_ops.broadcast_gradient_args(sx, sy)
  File "Users/Jessica/Library/Python/3.8/lib/python/site-packages/tensorflow/python/ops/gen_array_ops.py", line 749, in broadcast_gradient_args
    _, _, _op, _outputs = _op_def_library._apply_op_helper(
  File "Users/Jessica/Library/Python/3.8/lib/python/site-packages/tensorflow/python/framework/op_def_library.py", line 748, in _apply_op_helper
    op = g._create_op_internal(op_type_name, inputs, dtypes=None,
  File "Users/Jessica/Library/Python/3.8/lib/python/site-packages/tensorflow/python/framework/ops.py", line 3557, in _create_op_internal
    ret = Operation(
  File "Users/Jessica/Library/Python/3.8/lib/python/site-packages/tensorflow/python/framework/ops.py", line 2045, in __init__
    self._traceback = tf_stack.extract_stack_for_node(self._c_op)

...which was originally created as op 'Add', defined at:
  File "Applications/PyCharm.app/Contents/plugins/python/helpers/pydev/pydevd.py", line 2167, in <module>
    main()
[elided 3 identical lines from previous traceback]
  File "Applications/PyCharm.app/Contents/plugins/python/helpers/pydev/_pydev_imps/_pydev_execfile.py", line 18, in execfile
    exec(compile(contents+"\n", file, 'exec'), glob, loc)
  File "Users/Jessica/Dropbox/My Mac (MacBook Air)/Desktop/Research/Brown_Applied_Math_REU_Summer2021/VSR-EIP Repo/week6/compression_learning.py", line 187, in <module>
    y_pred = Deep_NN(x_train, W, B)
  File "Users/Jessica/Dropbox/My Mac (MacBook Air)/Desktop/Research/Brown_Applied_Math_REU_Summer2021/VSR-EIP Repo/week6/compression_learning.py", line 43, in Deep_NN
    A = tf.sin(tf.add(tf.matmul(A, W[i]), B[i]))
  File "Users/Jessica/Library/Python/3.8/lib/python/site-packages/tensorflow/python/ops/gen_math_ops.py", line 395, in add
    _, _, _op, _outputs = _op_def_library._apply_op_helper(
  File "Users/Jessica/Library/Python/3.8/lib/python/site-packages/tensorflow/python/framework/op_def_library.py", line 748, in _apply_op_helper
    op = g._create_op_internal(op_type_name, inputs, dtypes=None,
  File "Users/Jessica/Library/Python/3.8/lib/python/site-packages/tensorflow/python/framework/ops.py", line 3557, in _create_op_internal
    ret = Operation(
  File "Users/Jessica/Library/Python/3.8/lib/python/site-packages/tensorflow/python/framework/ops.py", line 2045, in __init__
    self._traceback = tf_stack.extract_stack_for_node(self._c_op)

python-BaseException

Process finished with exit code 1
